<?xml version="1.0" encoding="UTF-8"?>
<robot generator="Robot 5.0.1 (Python 3.10.8 on win32)" generated="20221019 16:16:46.480" rpa="false" schemaversion="3">
<suite id="s1" name="ExemplosArgumentos" source="C:\Users\Cleit\OneDrive\Documentos\VS Code automacao Python\WebTesting\ExemplosArgumentos.robot">
<test id="s1-t1" name="Caso de teste de exemplo 01" line="8">
<kw name="Uma keyword qualquer 01">
<kw name="Uma subkeyword com argumentos">
<arg>${PESSOA.nome}</arg>
<arg>${PESSOA.email}</arg>
<kw name="Log" library="BuiltIn">
<arg>Nome Usuário: ${NOME_USUARIO}</arg>
<doc>Logs the given message with the given level.</doc>
<msg timestamp="20221019 16:16:46.527" level="INFO">Nome Usuário: May Fernandes</msg>
<status status="PASS" starttime="20221019 16:16:46.527" endtime="20221019 16:16:46.527"/>
</kw>
<kw name="Log" library="BuiltIn">
<arg>Email: ${EMAIL_USUARIO}</arg>
<doc>Logs the given message with the given level.</doc>
<msg timestamp="20221019 16:16:46.528" level="INFO">Email: mayfernandes@exemplo.com.br</msg>
<status status="PASS" starttime="20221019 16:16:46.527" endtime="20221019 16:16:46.528"/>
</kw>
<status status="PASS" starttime="20221019 16:16:46.524" endtime="20221019 16:16:46.528"/>
</kw>
<kw name="Uma subkeyword com retorno">
<var>${MENSAGEM_ALERTA}</var>
<arg>${PESSOA.nome}</arg>
<arg>${PESSOA.idade}</arg>
<kw name="Set Variable If" library="BuiltIn">
<var>${MENSAGEM}</var>
<arg>${IDADE_USUARIO}&lt;18</arg>
<arg>Não autorizado! O usuário ${NOME_USUARIO} é menor de idade!</arg>
<doc>Sets variable based on the given condition.</doc>
<msg timestamp="20221019 16:16:46.532" level="INFO">${MENSAGEM} = Não autorizado! O usuário May Fernandes é menor de idade!</msg>
<status status="PASS" starttime="20221019 16:16:46.530" endtime="20221019 16:16:46.532"/>
</kw>
<msg timestamp="20221019 16:16:46.533" level="INFO">${MENSAGEM_ALERTA} = Não autorizado! O usuário May Fernandes é menor de idade!</msg>
<status status="PASS" starttime="20221019 16:16:46.528" endtime="20221019 16:16:46.533"/>
</kw>
<kw name="Log" library="BuiltIn">
<arg>${MENSAGEM_ALERTA}</arg>
<doc>Logs the given message with the given level.</doc>
<msg timestamp="20221019 16:16:46.533" level="INFO">Não autorizado! O usuário May Fernandes é menor de idade!</msg>
<status status="PASS" starttime="20221019 16:16:46.533" endtime="20221019 16:16:46.533"/>
</kw>
<status status="PASS" starttime="20221019 16:16:46.523" endtime="20221019 16:16:46.533"/>
</kw>
<status status="PASS" starttime="20221019 16:16:46.523" endtime="20221019 16:16:46.535"/>
</test>
<doc>Exemplo de uso de variáveis como argumentos em Keywords</doc>
<status status="PASS" starttime="20221019 16:16:46.484" endtime="20221019 16:16:46.537"/>
</suite>
<statistics>
<total>
<stat pass="1" fail="0" skip="0">All Tests</stat>
</total>
<tag>
</tag>
<suite>
<stat pass="1" fail="0" skip="0" id="s1" name="ExemplosArgumentos">ExemplosArgumentos</stat>
</suite>
</statistics>
<errors>
</errors>
</robot>
